WARNING: A terminally deprecated method in sun.misc.Unsafe has been called
WARNING: sun.misc.Unsafe::staticFieldBase has been called by com.google.inject.internal.aop.HiddenClassDefiner (file:/C:/Users/user/.m2/wrapper/dists/apache-maven-3.9.11/03d7e36a140982eea48e22c1dcac01d8862b2550b2939e09a0809bbc5182a5bc/lib/guice-5.1.0-classes.jar)
WARNING: Please consider reporting this to the maintainers of class com.google.inject.internal.aop.HiddenClassDefiner
WARNING: sun.misc.Unsafe::staticFieldBase will be removed in a future release
[INFO] Scanning for projects...
[INFO] 
[INFO] ------------------------< com.example:Edu-Camp >------------------------
[INFO] Building Edu-Camp 0.0.1-SNAPSHOT
[INFO]   from pom.xml
[INFO] --------------------------------[ jar ]---------------------------------
[INFO] 
[INFO] >>> spring-boot:4.0.0-M2:run (default-cli) > test-compile @ Edu-Camp >>>
[INFO] 
[INFO] --- resources:3.3.1:resources (default-resources) @ Edu-Camp ---
[INFO] Copying 1 resource from src\main\resources to target\classes
[INFO] Copying 1 resource from src\main\resources to target\classes
[INFO] 
[INFO] --- compiler:3.14.0:compile (default-compile) @ Edu-Camp ---
[INFO] Recompiling the module because of changed source code.
[INFO] Compiling 45 source files with javac [debug parameters release 24] to target\classes
[INFO] /C:/Users/user/IdeaProjects/Group-19-EduCamp-SE2012/Edu-Camp/Edu-Camp/src/main/java/com/example/Edu_Camp/services/PayPalService.java: C:\Users\user\IdeaProjects\Group-19-EduCamp-SE2012\Edu-Camp\Edu-Camp\src\main\java\com\example\Edu_Camp\services\PayPalService.java uses unchecked or unsafe operations.
[INFO] /C:/Users/user/IdeaProjects/Group-19-EduCamp-SE2012/Edu-Camp/Edu-Camp/src/main/java/com/example/Edu_Camp/services/PayPalService.java: Recompile with -Xlint:unchecked for details.
[INFO] 
[INFO] --- resources:3.3.1:testResources (default-testResources) @ Edu-Camp ---
[INFO] skip non existing resourceDirectory C:\Users\user\IdeaProjects\Group-19-EduCamp-SE2012\Edu-Camp\Edu-Camp\src\test\resources
[INFO] 
[INFO] --- compiler:3.14.0:testCompile (default-testCompile) @ Edu-Camp ---
[INFO] Recompiling the module because of changed dependency.
[INFO] Compiling 1 source file with javac [debug parameters release 24] to target\test-classes
[INFO] 
[INFO] <<< spring-boot:4.0.0-M2:run (default-cli) < test-compile @ Edu-Camp <<<
[INFO] 
[INFO] 
[INFO] --- spring-boot:4.0.0-M2:run (default-cli) @ Edu-Camp ---
[INFO] Attaching agents: []

  .   ____          _            __ _ _
 /\\ / ___'_ __ _ _(_)_ __  __ _ \ \ \ \
( ( )\___ | '_ | '_| | '_ \/ _` | \ \ \ \
 \\/  ___)| |_)| | | | | || (_| |  ) ) ) )
  '  |____| .__|_| |_|_| |_\__, | / / / /
 =========|_|==============|___/=/_/_/_/

 :: Spring Boot ::             (v4.0.0-M2)

2025-10-20T12:15:19.685+05:30  INFO 11648 --- [Edu-Camp] [           main] c.example.Edu_Camp.EduCampApplication    : Starting EduCampApplication using Java 25 with PID 11648 (C:\Users\user\IdeaProjects\Group-19-EduCamp-SE2012\Edu-Camp\Edu-Camp\target\classes started by user in C:\Users\user\IdeaProjects\Group-19-EduCamp-SE2012\Edu-Camp\Edu-Camp)
2025-10-20T12:15:19.688+05:30  INFO 11648 --- [Edu-Camp] [           main] c.example.Edu_Camp.EduCampApplication    : No active profile set, falling back to 1 default profile: "default"
2025-10-20T12:15:20.329+05:30  INFO 11648 --- [Edu-Camp] [           main] .s.d.r.c.RepositoryConfigurationDelegate : Bootstrapping Spring Data JPA repositories in DEFAULT mode.
2025-10-20T12:15:20.406+05:30  INFO 11648 --- [Edu-Camp] [           main] .s.d.r.c.RepositoryConfigurationDelegate : Finished Spring Data repository scanning in 67 ms. Found 8 JPA repository interfaces.
2025-10-20T12:15:20.918+05:30  INFO 11648 --- [Edu-Camp] [           main] o.s.boot.tomcat.TomcatWebServer          : Tomcat initialized with port 8081 (http)
2025-10-20T12:15:20.930+05:30  INFO 11648 --- [Edu-Camp] [           main] o.apache.catalina.core.StandardService   : Starting service [Tomcat]
2025-10-20T12:15:20.930+05:30  INFO 11648 --- [Edu-Camp] [           main] o.apache.catalina.core.StandardEngine    : Starting Servlet engine: [Apache Tomcat/11.0.10]
2025-10-20T12:15:20.990+05:30  INFO 11648 --- [Edu-Camp] [           main] b.w.c.s.WebApplicationContextInitializer : Root WebApplicationContext: initialization completed in 1249 ms
2025-10-20T12:15:21.164+05:30  INFO 11648 --- [Edu-Camp] [           main] o.hibernate.jpa.internal.util.LogHelper  : HHH000204: Processing PersistenceUnitInfo [name: default]
2025-10-20T12:15:21.218+05:30  INFO 11648 --- [Edu-Camp] [           main] org.hibernate.Version                    : HHH000412: Hibernate ORM core version 7.1.0.Final
2025-10-20T12:15:21.664+05:30  INFO 11648 --- [Edu-Camp] [           main] o.s.o.j.p.SpringPersistenceUnitInfo      : No LoadTimeWeaver setup: ignoring JPA class transformer
2025-10-20T12:15:21.696+05:30  INFO 11648 --- [Edu-Camp] [           main] com.zaxxer.hikari.HikariDataSource       : HikariPool-1 - Starting...
2025-10-20T12:15:21.847+05:30  INFO 11648 --- [Edu-Camp] [           main] com.zaxxer.hikari.pool.HikariPool        : HikariPool-1 - Added connection com.mysql.cj.jdbc.ConnectionImpl@7a30e30b
2025-10-20T12:15:21.849+05:30  INFO 11648 --- [Edu-Camp] [           main] com.zaxxer.hikari.HikariDataSource       : HikariPool-1 - Start completed.
2025-10-20T12:15:21.886+05:30  WARN 11648 --- [Edu-Camp] [           main] org.hibernate.dialect.Dialect            : HHH000511: The 5.5.5 version for [org.hibernate.dialect.MySQLDialect] is no longer supported, hence certain features may not work properly. The minimum supported version is 8.0.0. Check the community dialects project for available legacy versions.
2025-10-20T12:15:21.889+05:30  WARN 11648 --- [Edu-Camp] [           main] org.hibernate.orm.deprecation            : HHH90000025: MySQLDialect does not need to be specified explicitly using 'hibernate.dialect' (remove the property setting and it will be selected by default)
2025-10-20T12:15:21.904+05:30  INFO 11648 --- [Edu-Camp] [           main] org.hibernate.orm.connections.pooling    : HHH10001005: Database info:
	Database JDBC URL [jdbc:mysql://localhost:3306/tution_management]
	Database driver: MySQL Connector/J
	Database dialect: MySQLDialect
	Database version: 5.5.5
	Default catalog/schema: tution_management/undefined
	Autocommit mode: undefined/unknown
	Isolation level: REPEATABLE_READ [default REPEATABLE_READ]
	JDBC fetch size: none
	Pool: DatasourceConnectionProviderImpl
	Minimum pool size: undefined/unknown
	Maximum pool size: undefined/unknown
2025-10-20T12:15:22.902+05:30  INFO 11648 --- [Edu-Camp] [           main] o.h.e.t.j.p.i.JtaPlatformInitiator       : HHH000489: No JTA platform available (set 'hibernate.transaction.jta.platform' to enable JTA platform integration)
2025-10-20T12:15:23.027+05:30  INFO 11648 --- [Edu-Camp] [           main] j.LocalContainerEntityManagerFactoryBean : Initialized JPA EntityManagerFactory for persistence unit 'default'
2025-10-20T12:15:23.101+05:30  INFO 11648 --- [Edu-Camp] [           main] o.s.d.j.r.query.QueryEnhancerFactories   : Hibernate is in classpath; If applicable, HQL parser will be used.
2025-10-20T12:15:23.860+05:30  WARN 11648 --- [Edu-Camp] [           main] JpaBaseConfiguration$JpaWebConfiguration : spring.jpa.open-in-view is enabled by default. Therefore, database queries may be performed during view rendering. Explicitly configure spring.jpa.open-in-view to disable this warning
2025-10-20T12:15:23.943+05:30  WARN 11648 --- [Edu-Camp] [           main] .a.s.UserDetailsServiceAutoConfiguration : 

Using generated security password: e20a7f25-e01a-4982-a6f3-12dc7cfd13aa

This generated password is for development use only. Your security configuration must be updated before running your application in production.

2025-10-20T12:15:23.950+05:30  INFO 11648 --- [Edu-Camp] [           main] r$InitializeUserDetailsManagerConfigurer : Global AuthenticationManager configured with UserDetailsService bean with name inMemoryUserDetailsManager
2025-10-20T12:15:24.313+05:30  WARN 11648 --- [Edu-Camp] [           main] ConfigServletWebServerApplicationContext : Exception encountered during context initialization - cancelling refresh attempt: org.springframework.context.ApplicationContextException: Failed to start bean 'webServerStartStop'
2025-10-20T12:15:24.315+05:30  INFO 11648 --- [Edu-Camp] [           main] j.LocalContainerEntityManagerFactoryBean : Closing JPA EntityManagerFactory for persistence unit 'default'
2025-10-20T12:15:24.316+05:30  INFO 11648 --- [Edu-Camp] [           main] com.zaxxer.hikari.HikariDataSource       : HikariPool-1 - Shutdown initiated...
2025-10-20T12:15:24.322+05:30  INFO 11648 --- [Edu-Camp] [           main] com.zaxxer.hikari.HikariDataSource       : HikariPool-1 - Shutdown completed.
2025-10-20T12:15:24.330+05:30  INFO 11648 --- [Edu-Camp] [           main] .s.b.a.l.ConditionEvaluationReportLogger : 

Error starting ApplicationContext. To display the condition evaluation report re-run your application with 'debug' enabled.
2025-10-20T12:15:24.343+05:30 ERROR 11648 --- [Edu-Camp] [           main] o.s.b.d.LoggingFailureAnalysisReporter   : 

***************************
APPLICATION FAILED TO START
***************************

Description:

Web server failed to start. Port 8081 was already in use.

Action:

Identify and stop the process that's listening on port 8081 or configure this application to listen on another port.

[INFO] ------------------------------------------------------------------------
[INFO] BUILD FAILURE
[INFO] ------------------------------------------------------------------------
[INFO] Total time:  10.623 s
[INFO] Finished at: 2025-10-20T12:15:24+05:30
[INFO] ------------------------------------------------------------------------
[ERROR] Failed to execute goal org.springframework.boot:spring-boot-maven-plugin:4.0.0-M2:run (default-cli) on project Edu-Camp: Process terminated with exit code: 1 -> [Help 1]
[ERROR] 
[ERROR] To see the full stack trace of the errors, re-run Maven with the -e switch.
[ERROR] Re-run Maven using the -X switch to enable full debug logging.
[ERROR] 
[ERROR] For more information about the errors and possible solutions, please read the following articles:
[ERROR] [Help 1] http://cwiki.apache.org/confluence/display/MAVEN/MojoExecutionException
